<?xml version="1.0" encoding="UTF-8"?>
<!-- Generated by org.testng.reporters.JUnitReportReporter -->
<testsuite skipped="0" hostname="LAPTOP-NEL7D0BR" name="Test.TestSuite1" tests="1" failures="0" timestamp="2020-05-27T16:52:03 MDT" time="27.053" errors="0">
  <testcase name="negativeLogin" time="27.053" classname="Test.TestSuite1"/>
  <system-out/>
</testsuite> <!-- Test.TestSuite1 -->
