<?xml version="1.0" encoding="UTF-8"?>
<!-- Generated by org.testng.reporters.JUnitReportReporter -->
<testsuite skipped="0" hostname="LAPTOP-NEL7D0BR" name="Test.TestSuite1" tests="1" failures="0" timestamp="2020-05-27T17:48:25 MDT" time="23.237" errors="0">
  <testcase name="negativeLogin" time="23.237" classname="Test.TestSuite1"/>
</testsuite> <!-- Test.TestSuite1 -->
